2026-03-12 18:02:16 INFO [RA] Traitement de H:\NightImages\Confirm\toconfirm01.txt
2026-03-12 18:02:16 INFO [RA] Extrapolation : 22382.0 min depuis derniere mesure
2026-03-12 18:02:16 INFO [RA] RA=5.689608h  Dec=86.072147deg  Vitesse=10.904"/min  PA=329.9deg
2026-03-12 18:02:16 INFO [RA] EXITCODE=56896
2026-03-12 18:02:21 INFO [Dec] EXITCODE=860721  conflist mis a jour.
2026-03-12 18:03:17 INFO [RA] Traitement de H:\NightImages\Confirm\toconfirm02.txt
2026-03-12 18:03:17 INFO [RA] Extrapolation : 296.6 min depuis derniere mesure
2026-03-12 18:03:17 INFO [RA] RA=10.506864h  Dec=49.825652deg  Vitesse=99.540"/min  PA=10.1deg
2026-03-12 18:03:17 INFO [RA] EXITCODE=105069
2026-03-12 18:03:23 INFO [Dec] EXITCODE=498257  conflist mis a jour.
2026-03-13 15:22:49 INFO [RA] Traitement de H:\NightImages\Confirm\toconfirm03.txt
2026-03-13 15:22:49 INFO [RA] Extrapolation : 2053.8 min depuis derniere mesure
2026-03-13 15:22:49 INFO [RA] RA=8.225177h  Dec=49.565260deg  Vitesse=5.105"/min  PA=289.6deg
2026-03-13 15:22:49 INFO [RA] EXITCODE=82252
2026-03-13 15:22:56 INFO [Dec] EXITCODE=495653  conflist mis a jour.
2026-03-13 15:23:02 ERROR Argument inconnu : COUNT. Utilisez RA ou Dec.
2026-03-13 15:25:54 INFO [RA] Traitement de H:\NightImages\Confirm\toconfirm04.txt
2026-03-13 15:25:54 INFO [RA] Extrapolation : 4902.8 min depuis derniere mesure
2026-03-13 15:25:54 INFO [RA] RA=20.145555h  Dec=129.570709deg  Vitesse=90.075"/min  PA=45.4deg
2026-03-13 15:25:54 INFO [RA] EXITCODE=201456
2026-03-13 15:26:00 INFO [Dec] EXITCODE=1295707  conflist mis a jour.
2026-03-13 15:26:06 ERROR Argument inconnu : COUNT. Utilisez RA ou Dec.
2026-03-13 15:33:33 ERROR [RA] ERREUR : Aucune entree dans H:\NightImages\Confirm\conflist.txt
2026-03-13 15:33:39 ERROR [Dec] ERREUR : [Errno 2] No such file or directory: 'H:\\NightImages\\Scripts\\confirm_result.txt'
2026-03-13 15:33:46 ERROR Argument inconnu : COUNT. Utilisez RA ou Dec.
2026-03-23 23:36:31 INFO [COUNT] 0 confirmation(s) en attente.
2026-03-24 00:00:48 INFO [COUNT] 0 confirmation(s) en attente.
2026-03-24 00:24:57 INFO [COUNT] 1 confirmation(s) en attente.
2026-03-26 22:38:21 INFO [COUNT] 0 confirmation(s) en attente.
2026-03-26 22:39:17 INFO [RA] conflist.txt vide ou absent.
2026-03-26 22:39:53 INFO [RA] conflist.txt vide ou absent.
2026-03-26 22:40:59 INFO [COUNT] 0 confirmation(s) en attente.
2026-03-26 23:12:22 INFO [COUNT] 1 confirmation(s) en attente.
2026-03-26 23:12:30 INFO [RA] Traitement de toconfirm01.txt
2026-03-26 23:12:30 INFO [RA] EXITCODE=102415
2026-03-26 23:12:35 INFO [Dec] Fichier deplace vers C:\NightImages\ConfirmSave\2026-03-26\toconfirm01.txt
2026-03-26 23:12:35 INFO [Dec] EXITCODE=301107. Objet traité avec succčs.
2026-03-26 23:34:06 ERROR [DEC] ERREUR : [Errno 2] No such file or directory: 'C:\\NightImages\\Scripts\\confirm_result.txt'
2026-03-26 23:34:06 INFO [DEC] Ligne supprimée malgré l'erreur pour débloquer la suite.
2026-03-26 23:34:17 INFO [COUNT] 0 confirmation(s) en attente.
2026-03-28 01:14:28 INFO [COUNT] 1 objet(s) en attente.
2026-03-28 01:14:38 INFO [ID] Succčs : Cible NINA renommée en 'FC1AAC1'
2026-03-28 01:14:52 INFO [RA] Calculé : 11.3159h
2026-03-28 01:15:00 INFO [DEC] Fichier archivé vers : C:\NightImages\ConfirmSave\2026-03-27\toconfirm01.txt
2026-03-28 01:15:00 INFO [DEC] Calculé : 29.5427°
2026-03-30 15:29:34 [INFO] [INFO] Liste vide, fin de session.
2026-03-30 15:29:41 [INFO] [COUNT] Reste 0 objets ŕ traiter.
2026-03-30 15:43:08 [ERROR] [GETCOORDS] Erreur : [Errno 2] No such file or directory: 'C:\\NightImages\\Confirm\\tonconfirm01.txt'
2026-03-30 15:43:14 [INFO] [COUNT] Reste 1 objets ŕ traiter.
2026-03-30 15:51:42 [ERROR] [GETCOORDS] Erreur : [Errno 2] No such file or directory: 'C:\\NightImages\\Confirm\\tonconfirm01.txt'
2026-03-30 15:53:20 [ERROR] [GETCOORDS] Erreur : [Errno 2] No such file or directory: 'C:\\NightImages\\Confirm\\tonconfirm01.txt'
2026-03-30 15:53:51 [ERROR] [GETCOORDS] Erreur : [Errno 2] No such file or directory: 'C:\\NightImages\\Confirm\\tonconfirm01.txt'
2026-03-30 15:57:15 [ERROR] [GETCOORDS] Erreur : [Errno 2] No such file or directory: 'c:\\NightImages\\Confirm\\tonconfirm01.txt'
2026-03-30 15:58:18 [ERROR] [GETCOORDS] Erreur : [Errno 2] No such file or directory: 'c:\\NightImages\\Confirm\\tonconfirm01.txt'
2026-03-30 15:59:09 [INFO] [API] Succčs : Cible mise ŕ jour -> ST26CB5
2026-03-30 16:00:44 [INFO] [API] Succčs : Cible mise ŕ jour -> ST26CB5
2026-03-30 16:06:35 [INFO] [API] Succčs : Cible mise ŕ jour -> ST26CB5
2026-03-30 21:40:39 [INFO] [API] Succčs : Cible mise ŕ jour -> ST26CB5
2026-03-30 22:17:20 [INFO] [INFO] Liste vide, fin de session.
2026-03-30 22:18:59 [INFO] [INFO] Liste vide, fin de session.
2026-03-31 21:26:55 [INFO] [COUNT] Reste 0 objets ŕ traiter.
2026-03-31 22:49:17 [INFO] [COUNT] Reste 0 objets ŕ traiter.
2026-03-31 23:11:29 [INFO] [COUNT] Reste 0 objets ŕ traiter.
2026-03-31 23:33:45 [INFO] [COUNT] Reste 0 objets ŕ traiter.
2026-03-31 23:55:44 [INFO] [COUNT] Reste 1 objets ŕ traiter.
2026-03-31 23:55:59 [INFO] [API] Succčs : Cible mise ŕ jour -> FC5AAN1
2026-04-01 00:17:35 [INFO] [FINISH] toconfirm01.txt déplacé vers ConfirmSave.
2026-04-01 00:17:35 [INFO] [FINISH] Liste mise ŕ jour (COUNT-1).
2026-04-01 00:17:49 [INFO] [COUNT] Reste 0 objets ŕ traiter.
2026-04-01 23:01:03 [INFO] [COUNT] Reste 0 objets ŕ traiter.
2026-04-01 23:30:30 [INFO] [COUNT] Reste 0 objets ŕ traiter.
2026-04-02 00:01:05 [INFO] [COUNT] Reste 0 objets ŕ traiter.
2026-04-02 20:41:11 [INFO] [COUNT] Reste 0 objets ŕ traiter.
2026-04-02 21:02:22 [INFO] [COUNT] Reste 0 objets ŕ traiter.
2026-04-02 21:32:32 [INFO] [COUNT] Reste 1 objets ŕ traiter.
2026-04-02 21:32:45 [INFO] [API] Succčs : Cible mise ŕ jour -> FDBAAV1
2026-04-02 21:54:24 [INFO] [FINISH] toconfirm01.txt déplacé vers ConfirmSave.
2026-04-02 21:54:24 [INFO] [FINISH] Liste mise ŕ jour (COUNT-1).
2026-04-02 21:54:38 [INFO] [COUNT] Reste 0 objets ŕ traiter.
2026-04-03 22:07:10 [INFO] [COUNT] Reste 0 objets ŕ traiter.
2026-04-03 23:02:36 [INFO] [COUNT] Reste 0 objets ŕ traiter.
2026-04-03 23:32:55 [INFO] [COUNT] Reste 1 objets ŕ traiter.
2026-04-03 23:33:12 [INFO] [API] Succčs : Cible mise ŕ jour -> FDCAA31
2026-04-04 00:03:55 [INFO] [FINISH] toconfirm01.txt déplacé vers ConfirmSave.
2026-04-04 00:03:55 [INFO] [FINISH] Liste mise ŕ jour (COUNT-1).
2026-04-04 00:04:07 [INFO] [COUNT] Reste 0 objets ŕ traiter.
2026-04-04 21:16:49 [INFO] [COUNT] Reste 0 objets ŕ traiter.
2026-04-04 21:49:28 [INFO] [COUNT] Reste 1 objets ŕ traiter.
2026-04-04 21:49:39 [ERROR] [GETCOORDS] Erreur : [Errno 22] Invalid argument: 'C:\\NightImages\\Confirm\\2026-04-04 23:48:19 | [CANDIDATE] FDDABB1 | Field: FDDABB'
2026-04-04 21:49:47 [INFO] [COUNT] Reste 1 objets ŕ traiter.
2026-04-04 21:49:58 [ERROR] [GETCOORDS] Erreur : [Errno 22] Invalid argument: 'C:\\NightImages\\Confirm\\2026-04-04 23:48:19 | [CANDIDATE] FDDABB1 | Field: FDDABB'
2026-04-04 21:50:07 [INFO] [COUNT] Reste 1 objets ŕ traiter.
2026-04-04 21:50:15 [ERROR] [GETCOORDS] Erreur : [Errno 22] Invalid argument: 'C:\\NightImages\\Confirm\\2026-04-04 23:48:19 | [CANDIDATE] FDDABB1 | Field: FDDABB'
2026-04-04 21:50:22 [INFO] [COUNT] Reste 1 objets ŕ traiter.
2026-04-04 21:50:32 [ERROR] [GETCOORDS] Erreur : [Errno 22] Invalid argument: 'C:\\NightImages\\Confirm\\2026-04-04 23:48:19 | [CANDIDATE] FDDABB1 | Field: FDDABB'
2026-04-04 21:50:40 [INFO] [COUNT] Reste 1 objets ŕ traiter.
2026-04-04 21:50:50 [ERROR] [GETCOORDS] Erreur : [Errno 22] Invalid argument: 'C:\\NightImages\\Confirm\\2026-04-04 23:48:19 | [CANDIDATE] FDDABB1 | Field: FDDABB'
2026-04-04 21:50:57 [INFO] [COUNT] Reste 1 objets ŕ traiter.
2026-04-04 21:51:07 [ERROR] [GETCOORDS] Erreur : [Errno 22] Invalid argument: 'C:\\NightImages\\Confirm\\2026-04-04 23:48:19 | [CANDIDATE] FDDABB1 | Field: FDDABB'
2026-04-04 21:51:15 [INFO] [COUNT] Reste 1 objets ŕ traiter.
2026-04-04 21:51:25 [ERROR] [GETCOORDS] Erreur : [Errno 22] Invalid argument: 'C:\\NightImages\\Confirm\\2026-04-04 23:48:19 | [CANDIDATE] FDDABB1 | Field: FDDABB'
2026-04-04 21:51:34 [INFO] [COUNT] Reste 1 objets ŕ traiter.
2026-04-04 21:51:44 [ERROR] [GETCOORDS] Erreur : [Errno 22] Invalid argument: 'C:\\NightImages\\Confirm\\2026-04-04 23:48:19 | [CANDIDATE] FDDABB1 | Field: FDDABB'
2026-04-04 21:51:52 [INFO] [COUNT] Reste 1 objets ŕ traiter.
2026-04-04 21:52:02 [ERROR] [GETCOORDS] Erreur : [Errno 22] Invalid argument: 'C:\\NightImages\\Confirm\\2026-04-04 23:48:19 | [CANDIDATE] FDDABB1 | Field: FDDABB'
2026-04-04 21:52:11 [INFO] [COUNT] Reste 1 objets ŕ traiter.
2026-04-04 21:52:21 [ERROR] [GETCOORDS] Erreur : [Errno 22] Invalid argument: 'C:\\NightImages\\Confirm\\2026-04-04 23:48:19 | [CANDIDATE] FDDABB1 | Field: FDDABB'
2026-04-04 21:52:29 [INFO] [COUNT] Reste 1 objets ŕ traiter.
2026-04-04 21:52:37 [ERROR] [GETCOORDS] Erreur : [Errno 22] Invalid argument: 'C:\\NightImages\\Confirm\\2026-04-04 23:48:19 | [CANDIDATE] FDDABB1 | Field: FDDABB'
2026-04-04 21:59:35 [INFO] [INFO] Liste vide, fin de session.
2026-04-06 22:12:39 [INFO] [COUNT] Reste 0 objets ŕ traiter.
2026-04-06 22:46:35 [INFO] [COUNT] Reste 0 objets ŕ traiter.
2026-04-06 23:19:29 [INFO] [COUNT] Reste 1 objets ŕ traiter.
2026-04-06 23:19:42 [INFO] [API] Succčs : Cible mise ŕ jour -> FDFABE1
2026-04-06 23:50:10 [INFO] [FINISH] toconfirm01.txt déplacé vers ConfirmSave.
2026-04-06 23:50:10 [INFO] [FINISH] Liste mise ŕ jour (COUNT-1).
2026-04-06 23:50:27 [INFO] [COUNT] Reste 0 objets ŕ traiter.
2026-04-07 21:02:58 [INFO] [COUNT] Reste 0 objets ŕ traiter.
2026-04-07 21:36:18 [INFO] [COUNT] Reste 0 objets ŕ traiter.
2026-04-07 22:37:18 [INFO] [COUNT] Reste 0 objets ŕ traiter.
2026-04-07 23:10:26 [INFO] [COUNT] Reste 0 objets ŕ traiter.
2026-04-08 22:26:22 [INFO] [COUNT] Reste 0 objets ŕ traiter.
2026-04-08 22:59:13 [INFO] [COUNT] Reste 0 objets ŕ traiter.
2026-04-08 23:33:07 [INFO] [COUNT] Reste 0 objets ŕ traiter.
2026-04-09 00:06:56 [INFO] [COUNT] Reste 0 objets ŕ traiter.
2026-04-11 21:07:11 [INFO] [COUNT] Reste 0 objets ŕ traiter.
2026-04-11 21:41:05 [INFO] [COUNT] Reste 0 objets ŕ traiter.
2026-04-11 22:14:29 [INFO] [COUNT] Reste 0 objets ŕ traiter.
2026-04-13 22:17:27 [INFO] [COUNT] Reste 0 objets ŕ traiter.
2026-04-13 22:51:11 [INFO] [COUNT] Reste 0 objets ŕ traiter.
2026-04-13 23:24:39 [INFO] [COUNT] Reste 1 objets ŕ traiter.
2026-04-13 23:25:02 [INFO] [API] Succčs : Cible mise ŕ jour -> FDMABU1
2026-04-13 23:55:40 [INFO] [FINISH] toconfirm01.txt déplacé vers ConfirmSave.
2026-04-13 23:55:40 [INFO] [FINISH] Liste mise ŕ jour (COUNT-1).
2026-04-13 23:55:58 [INFO] [COUNT] Reste 0 objets ŕ traiter.
2026-04-14 22:21:43 [INFO] [COUNT] Reste 0 objets ŕ traiter.
2026-04-14 22:56:54 [INFO] [COUNT] Reste 1 objets ŕ traiter.
2026-04-14 22:57:13 [INFO] [API] Succčs : Cible mise ŕ jour -> FDNABY1
2026-04-14 23:27:34 [INFO] [FINISH] toconfirm01.txt déplacé vers ConfirmSave.
2026-04-14 23:27:34 [INFO] [FINISH] Liste mise ŕ jour (COUNT-1).
2026-04-14 23:27:46 [INFO] [COUNT] Reste 0 objets ŕ traiter.
2026-04-15 00:01:17 [INFO] [COUNT] Reste 1 objets ŕ traiter.
2026-04-15 00:01:36 [INFO] [API] Succčs : Cible mise ŕ jour -> FDNABY1
2026-04-15 00:32:39 [INFO] [FINISH] toconfirm01.txt déplacé vers ConfirmSave.
2026-04-15 00:32:39 [INFO] [FINISH] Liste mise ŕ jour (COUNT-1).
2026-04-15 00:32:54 [INFO] [COUNT] Reste 0 objets ŕ traiter.
2026-04-15 01:07:19 [INFO] [COUNT] Reste 0 objets ŕ traiter.
2026-04-15 01:40:29 [INFO] [COUNT] Reste 0 objets ŕ traiter.
2026-04-15 02:13:36 [INFO] [COUNT] Reste 0 objets ŕ traiter.
2026-04-15 02:47:07 [INFO] [COUNT] Reste 0 objets ŕ traiter.
2026-04-15 03:20:46 [INFO] [COUNT] Reste 0 objets ŕ traiter.
2026-04-15 22:20:39 [INFO] [COUNT] Reste 0 objets ŕ traiter.
2026-04-15 22:53:34 [INFO] [COUNT] Reste 0 objets ŕ traiter.
2026-04-15 23:27:07 [INFO] [COUNT] Reste 2 objets ŕ traiter.
2026-04-15 23:27:28 [INFO] [API] Succčs : Cible mise ŕ jour -> FDOACE1
2026-04-15 23:57:58 [INFO] [FINISH] toconfirm01.txt déplacé vers ConfirmSave.
2026-04-15 23:57:58 [INFO] [FINISH] Liste mise ŕ jour (COUNT-1).
2026-04-15 23:58:13 [INFO] [COUNT] Reste 1 objets ŕ traiter.
2026-04-15 23:58:27 [INFO] [API] Succčs : Cible mise ŕ jour -> 
2026-04-16 21:57:17 [INFO] [COUNT] Reste 0 objets ŕ traiter.
2026-04-16 22:31:47 [INFO] [COUNT] Reste 0 objets ŕ traiter.
2026-04-16 23:06:12 [INFO] [COUNT] Reste 0 objets ŕ traiter.
2026-04-16 23:40:41 [INFO] [COUNT] Reste 0 objets ŕ traiter.
2026-04-17 00:15:10 [INFO] [COUNT] Reste 0 objets ŕ traiter.
2026-04-17 00:49:30 [INFO] [COUNT] Reste 0 objets ŕ traiter.
2026-04-17 01:24:06 [INFO] [COUNT] Reste 0 objets ŕ traiter.
2026-04-17 01:58:37 [INFO] [COUNT] Reste 0 objets ŕ traiter.
2026-04-17 02:33:02 [INFO] [COUNT] Reste 0 objets ŕ traiter.
2026-04-17 03:07:50 [INFO] [COUNT] Reste 0 objets ŕ traiter.
2026-04-19 22:29:58 [INFO] [COUNT] Reste 0 objets ŕ traiter.
2026-04-19 23:03:12 [INFO] [COUNT] Reste 0 objets ŕ traiter.
2026-04-20 22:22:03 [INFO] [COUNT] Reste 0 objets ŕ traiter.
2026-04-20 22:55:12 [INFO] [COUNT] Reste 0 objets ŕ traiter.
2026-04-20 23:30:54 [INFO] [COUNT] Reste 0 objets ŕ traiter.
2026-04-21 00:03:59 [INFO] [COUNT] Reste 1 objets ŕ traiter.
2026-04-21 00:04:18 [INFO] [API] Succčs : Cible mise ŕ jour -> FDTACV1
2026-04-21 00:34:48 [INFO] [FINISH] toconfirm01.txt déplacé vers ConfirmSave.
2026-04-21 00:34:48 [INFO] [FINISH] Liste mise ŕ jour (COUNT-1).
2026-04-21 00:35:02 [INFO] [COUNT] Reste 0 objets ŕ traiter.
2026-04-21 21:39:54 [INFO] [COUNT] Reste 0 objets ŕ traiter.
2026-04-21 22:13:26 [INFO] [COUNT] Reste 0 objets ŕ traiter.
2026-04-21 22:47:00 [INFO] [COUNT] Reste 0 objets ŕ traiter.
2026-04-21 23:20:20 [INFO] [COUNT] Reste 0 objets ŕ traiter.
2026-04-23 20:29:55 [INFO] [COUNT] Reste 0 objets ŕ traiter.
2026-04-23 21:17:00 [INFO] [COUNT] Reste 0 objets ŕ traiter.
2026-04-23 21:50:22 [INFO] [COUNT] Reste 0 objets ŕ traiter.
2026-04-23 22:24:10 [INFO] [COUNT] Reste 0 objets ŕ traiter.
2026-04-23 22:57:52 [INFO] [COUNT] Reste 0 objets ŕ traiter.
2026-04-24 00:01:38 [INFO] [COUNT] Reste 0 objets ŕ traiter.
2026-04-24 00:34:27 [INFO] [COUNT] Reste 0 objets ŕ traiter.
2026-04-24 01:08:00 [INFO] [COUNT] Reste 0 objets ŕ traiter.
2026-04-24 01:41:33 [INFO] [COUNT] Reste 0 objets ŕ traiter.
2026-04-24 02:15:21 [INFO] [COUNT] Reste 0 objets ŕ traiter.
2026-04-24 02:49:18 [INFO] [COUNT] Reste 0 objets ŕ traiter.
2026-04-24 20:31:46 [INFO] [COUNT] Reste 0 objets ŕ traiter.
2026-04-24 21:04:22 [INFO] [COUNT] Reste 0 objets ŕ traiter.
2026-04-24 21:38:05 [INFO] [COUNT] Reste 1 objets ŕ traiter.
2026-04-24 21:38:24 [INFO] [API] Succčs : Cible mise ŕ jour -> FDXADO1
2026-04-24 22:09:02 [INFO] [FINISH] toconfirm01.txt déplacé vers ConfirmSave.
2026-04-24 22:09:02 [INFO] [FINISH] Liste mise ŕ jour (COUNT-1).
2026-04-24 22:09:17 [INFO] [COUNT] Reste 0 objets ŕ traiter.
2026-04-24 22:43:08 [INFO] [COUNT] Reste 0 objets ŕ traiter.
2026-04-24 23:16:05 [INFO] [COUNT] Reste 0 objets ŕ traiter.
2026-04-24 23:49:20 [INFO] [COUNT] Reste 0 objets ŕ traiter.
2026-04-25 00:23:07 [INFO] [COUNT] Reste 0 objets ŕ traiter.
2026-04-25 00:57:06 [INFO] [COUNT] Reste 0 objets ŕ traiter.
2026-04-25 01:31:06 [INFO] [COUNT] Reste 0 objets ŕ traiter.
2026-04-25 02:05:02 [INFO] [COUNT] Reste 0 objets ŕ traiter.
2026-04-25 02:39:15 [INFO] [COUNT] Reste 0 objets ŕ traiter.
2026-04-25 21:21:52 [INFO] [COUNT] Reste 0 objets ŕ traiter.
2026-04-25 21:54:39 [INFO] [COUNT] Reste 0 objets ŕ traiter.
2026-04-25 22:27:59 [INFO] [COUNT] Reste 1 objets ŕ traiter.
2026-04-25 22:28:20 [INFO] [API] Succčs : Cible mise ŕ jour -> 
2026-04-25 22:58:55 [INFO] [FINISH] toconfirm01.txt déplacé vers ConfirmSave.
2026-04-25 22:58:55 [INFO] [FINISH] Liste mise ŕ jour (COUNT-1).
2026-04-25 22:59:09 [INFO] [COUNT] Reste 1 objets ŕ traiter.
2026-04-25 22:59:28 [INFO] [API] Succčs : Cible mise ŕ jour -> 9354
2026-04-25 23:29:58 [INFO] [FINISH] toconfirm02.txt déplacé vers ConfirmSave.
2026-04-25 23:29:58 [INFO] [FINISH] Liste mise ŕ jour (COUNT-1).
2026-04-25 23:30:12 [INFO] [COUNT] Reste 0 objets ŕ traiter.
2026-04-26 00:04:01 [INFO] [COUNT] Reste 1 objets ŕ traiter.
2026-04-26 00:04:23 [INFO] [API] Succčs : Cible mise ŕ jour -> 49354
2026-04-26 00:35:13 [INFO] [FINISH] toconfirm01.txt déplacé vers ConfirmSave.
2026-04-26 00:35:13 [INFO] [FINISH] Liste mise ŕ jour (COUNT-1).
2026-04-26 00:35:25 [INFO] [COUNT] Reste 0 objets ŕ traiter.
2026-04-26 23:01:15 [INFO] [COUNT] Reste 0 objets ŕ traiter.
2026-04-26 23:34:26 [INFO] [COUNT] Reste 0 objets ŕ traiter.
2026-04-27 00:07:46 [INFO] [COUNT] Reste 0 objets ŕ traiter.
2026-04-29 22:42:17 [INFO] [COUNT] Reste 0 objets ŕ traiter.
2026-04-29 23:15:01 [INFO] [COUNT] Reste 0 objets ŕ traiter.
2026-04-29 23:50:49 [INFO] [COUNT] Reste 1 objets ŕ traiter.
2026-04-29 23:51:12 [INFO] [API] Succčs : Cible mise ŕ jour -> FD3AEE1
2026-04-30 00:21:41 [INFO] [FINISH] toconfirm01.txt déplacé vers ConfirmSave.
2026-04-30 00:21:41 [INFO] [FINISH] Liste mise ŕ jour (COUNT-1).
2026-04-30 00:21:55 [INFO] [COUNT] Reste 0 objets ŕ traiter.
